{"C:\\Users\\Admin\\Desktop\\LEARNING\\testing\\react_task\\src\\components\\atoms\\button\\Button.tsx": {"path":"C:\\Users\\Admin\\Desktop\\LEARNING\\testing\\react_task\\src\\components\\atoms\\button\\Button.tsx","statementMap":{"0":{"start":{"line":1,"column":0},"end":{"line":1,"column":57}},"1":{"start":{"line":10,"column":22},"end":{"line":21,"column":1}},"2":{"start":{"line":16,"column":2},"end":{"line":20,"column":4}},"3":{"start":{"line":10,"column":13},"end":{"line":10,"column":22}}},"fnMap":{"0":{"name":"(anonymous_0)","decl":{"start":{"line":10,"column":22},"end":{"line":10,"column":23}},"loc":{"start":{"line":15,"column":35},"end":{"line":21,"column":1}}}},"branchMap":{},"s":{"0":3,"1":3,"2":13,"3":3},"f":{"0":13},"b":{}}
,"C:\\Users\\Admin\\Desktop\\LEARNING\\testing\\react_task\\src\\components\\atoms\\inputElement\\Input.tsx": {"path":"C:\\Users\\Admin\\Desktop\\LEARNING\\testing\\react_task\\src\\components\\atoms\\inputElement\\Input.tsx","statementMap":{"0":{"start":{"line":2,"column":0},"end":{"line":2,"column":80}},"1":{"start":{"line":3,"column":0},"end":{"line":3,"column":72}},"2":{"start":{"line":12,"column":21},"end":{"line":43,"column":1}},"3":{"start":{"line":25,"column":2},"end":{"line":42,"column":4}},"4":{"start":{"line":12,"column":13},"end":{"line":12,"column":21}}},"fnMap":{"0":{"name":"(anonymous_0)","decl":{"start":{"line":12,"column":21},"end":{"line":12,"column":22}},"loc":{"start":{"line":24,"column":17},"end":{"line":43,"column":1}}}},"branchMap":{"0":{"loc":{"start":{"line":34,"column":22},"end":{"line":34,"column":55}},"type":"cond-expr","locations":[{"start":{"line":34,"column":34},"end":{"line":34,"column":43}},{"start":{"line":34,"column":46},"end":{"line":34,"column":55}}]},"1":{"loc":{"start":{"line":40,"column":7},"end":{"line":40,"column":29}},"type":"binary-expr","locations":[{"start":{"line":40,"column":7},"end":{"line":40,"column":20}},{"start":{"line":40,"column":24},"end":{"line":40,"column":29}}]}},"s":{"0":2,"1":2,"2":2,"3":33,"4":2},"f":{"0":33},"b":{"0":[6,27],"1":[33,1]}}
,"C:\\Users\\Admin\\Desktop\\LEARNING\\testing\\react_task\\src\\components\\atoms\\link\\Link.tsx": {"path":"C:\\Users\\Admin\\Desktop\\LEARNING\\testing\\react_task\\src\\components\\atoms\\link\\Link.tsx","statementMap":{"0":{"start":{"line":2,"column":0},"end":{"line":2,"column":55}},"1":{"start":{"line":4,"column":13},"end":{"line":6,"column":1}},"2":{"start":{"line":5,"column":2},"end":{"line":5,"column":52}},"3":{"start":{"line":7,"column":0},"end":{"line":7,"column":20}}},"fnMap":{"0":{"name":"(anonymous_0)","decl":{"start":{"line":4,"column":13},"end":{"line":4,"column":14}},"loc":{"start":{"line":4,"column":41},"end":{"line":6,"column":1}}}},"branchMap":{},"s":{"0":1,"1":1,"2":1,"3":1},"f":{"0":1},"b":{}}
,"C:\\Users\\Admin\\Desktop\\LEARNING\\testing\\react_task\\src\\components\\atoms\\selectMenu\\SelectMenu.tsx": {"path":"C:\\Users\\Admin\\Desktop\\LEARNING\\testing\\react_task\\src\\components\\atoms\\selectMenu\\SelectMenu.tsx","statementMap":{"0":{"start":{"line":1,"column":0},"end":{"line":1,"column":57}},"1":{"start":{"line":9,"column":19},"end":{"line":19,"column":1}},"2":{"start":{"line":10,"column":2},"end":{"line":18,"column":4}},"3":{"start":{"line":13,"column":8},"end":{"line":13,"column":28}},"4":{"start":{"line":21,"column":0},"end":{"line":21,"column":26}}},"fnMap":{"0":{"name":"(anonymous_0)","decl":{"start":{"line":9,"column":19},"end":{"line":9,"column":20}},"loc":{"start":{"line":9,"column":73},"end":{"line":19,"column":1}}},"1":{"name":"(anonymous_1)","decl":{"start":{"line":12,"column":19},"end":{"line":12,"column":20}},"loc":{"start":{"line":13,"column":8},"end":{"line":13,"column":28}}}},"branchMap":{},"s":{"0":3,"1":3,"2":8,"3":19,"4":3},"f":{"0":8,"1":19},"b":{}}
,"C:\\Users\\Admin\\Desktop\\LEARNING\\testing\\react_task\\src\\components\\molecules\\changeLanguageMolecules\\ChangeLanguageMolecules.tsx": {"path":"C:\\Users\\Admin\\Desktop\\LEARNING\\testing\\react_task\\src\\components\\molecules\\changeLanguageMolecules\\ChangeLanguageMolecules.tsx","statementMap":{"0":{"start":{"line":1,"column":0},"end":{"line":1,"column":47}},"1":{"start":{"line":2,"column":0},"end":{"line":2,"column":70}},"2":{"start":{"line":3,"column":0},"end":{"line":3,"column":null}},"3":{"start":{"line":7,"column":0},"end":{"line":7,"column":70}},"4":{"start":{"line":8,"column":0},"end":{"line":8,"column":59}},"5":{"start":{"line":10,"column":39},"end":{"line":30,"column":1}},"6":{"start":{"line":11,"column":19},"end":{"line":11,"column":35}},"7":{"start":{"line":12,"column":19},"end":{"line":12,"column":35}},"8":{"start":{"line":13,"column":35},"end":{"line":14,"column":null}},"9":{"start":{"line":14,"column":15},"end":{"line":14,"column":38}},"10":{"start":{"line":17,"column":31},"end":{"line":20,"column":3}},"11":{"start":{"line":18,"column":4},"end":{"line":18,"column":40}},"12":{"start":{"line":19,"column":4},"end":{"line":19,"column":45}},"13":{"start":{"line":21,"column":2},"end":{"line":29,"column":4}},"14":{"start":{"line":10,"column":13},"end":{"line":10,"column":39}}},"fnMap":{"0":{"name":"(anonymous_1)","decl":{"start":{"line":10,"column":39},"end":{"line":10,"column":42}},"loc":{"start":{"line":10,"column":44},"end":{"line":30,"column":1}}},"1":{"name":"(anonymous_2)","decl":{"start":{"line":14,"column":4},"end":{"line":14,"column":5}},"loc":{"start":{"line":14,"column":15},"end":{"line":14,"column":38}}},"2":{"name":"(anonymous_3)","decl":{"start":{"line":17,"column":31},"end":{"line":17,"column":32}},"loc":{"start":{"line":17,"column":75},"end":{"line":20,"column":3}}}},"branchMap":{},"s":{"0":2,"1":2,"2":2,"3":2,"4":2,"5":2,"6":5,"7":5,"8":5,"9":8,"10":5,"11":1,"12":1,"13":5,"14":2},"f":{"0":5,"1":8,"2":1},"b":{}}
,"C:\\Users\\Admin\\Desktop\\LEARNING\\testing\\react_task\\src\\components\\molecules\\dashboardButtons\\DashboardNavbar.tsx": {"path":"C:\\Users\\Admin\\Desktop\\LEARNING\\testing\\react_task\\src\\components\\molecules\\dashboardButtons\\DashboardNavbar.tsx","statementMap":{"0":{"start":{"line":1,"column":0},"end":{"line":1,"column":35}},"1":{"start":{"line":2,"column":0},"end":{"line":2,"column":61}},"2":{"start":{"line":3,"column":0},"end":{"line":3,"column":55}},"3":{"start":{"line":4,"column":0},"end":{"line":4,"column":43}},"4":{"start":{"line":5,"column":0},"end":{"line":5,"column":47}},"5":{"start":{"line":7,"column":24},"end":{"line":20,"column":1}},"6":{"start":{"line":8,"column":15},"end":{"line":8,"column":38}},"7":{"start":{"line":9,"column":16},"end":{"line":9,"column":32}},"8":{"start":{"line":10,"column":2},"end":{"line":19,"column":4}},"9":{"start":{"line":22,"column":0},"end":{"line":22,"column":31}}},"fnMap":{"0":{"name":"(anonymous_1)","decl":{"start":{"line":7,"column":24},"end":{"line":7,"column":27}},"loc":{"start":{"line":7,"column":29},"end":{"line":20,"column":1}}}},"branchMap":{"0":{"loc":{"start":{"line":14,"column":9},"end":{"line":15,"column":null}},"type":"binary-expr","locations":[{"start":{"line":14,"column":9},"end":{"line":14,"column":31}},{"start":{"line":15,"column":10},"end":{"line":15,"column":65}}]}},"s":{"0":1,"1":1,"2":1,"3":1,"4":1,"5":1,"6":4,"7":4,"8":4,"9":1},"f":{"0":4},"b":{"0":[4,1]}}
,"C:\\Users\\Admin\\Desktop\\LEARNING\\testing\\react_task\\src\\components\\molecules\\from\\Form.tsx": {"path":"C:\\Users\\Admin\\Desktop\\LEARNING\\testing\\react_task\\src\\components\\molecules\\from\\Form.tsx","statementMap":{"0":{"start":{"line":1,"column":0},"end":{"line":1,"column":57}},"1":{"start":{"line":2,"column":0},"end":{"line":2,"column":54}},"2":{"start":{"line":3,"column":0},"end":{"line":3,"column":55}},"3":{"start":{"line":4,"column":0},"end":{"line":4,"column":51}},"4":{"start":{"line":6,"column":0},"end":{"line":6,"column":71}},"5":{"start":{"line":8,"column":0},"end":{"line":8,"column":null}},"6":{"start":{"line":12,"column":0},"end":{"line":12,"column":53}},"7":{"start":{"line":13,"column":0},"end":{"line":13,"column":47}},"8":{"start":{"line":15,"column":22},"end":{"line":135,"column":1}},"9":{"start":{"line":23,"column":6},"end":{"line":25,"column":4}},"10":{"start":{"line":27,"column":27},"end":{"line":27,"column":57}},"11":{"start":{"line":29,"column":48},"end":{"line":36,"column":3}},"12":{"start":{"line":30,"column":41},"end":{"line":33,"column":6}},"13":{"start":{"line":34,"column":4},"end":{"line":34,"column":30}},"14":{"start":{"line":35,"column":4},"end":{"line":35,"column":12}},"15":{"start":{"line":38,"column":27},"end":{"line":38,"column":52}},"16":{"start":{"line":39,"column":20},"end":{"line":39,"column":33}},"17":{"start":{"line":40,"column":16},"end":{"line":40,"column":32}},"18":{"start":{"line":43,"column":2},"end":{"line":134,"column":4}},"19":{"start":{"line":56,"column":14},"end":{"line":56,"column":46}},"20":{"start":{"line":72,"column":14},"end":{"line":72,"column":50}},"21":{"start":{"line":88,"column":14},"end":{"line":88,"column":47}},"22":{"start":{"line":104,"column":14},"end":{"line":104,"column":49}},"23":{"start":{"line":121,"column":14},"end":{"line":121,"column":46}},"24":{"start":{"line":137,"column":0},"end":{"line":137,"column":29}}},"fnMap":{"0":{"name":"(anonymous_1)","decl":{"start":{"line":15,"column":22},"end":{"line":15,"column":25}},"loc":{"start":{"line":15,"column":27},"end":{"line":135,"column":1}}},"1":{"name":"(anonymous_2)","decl":{"start":{"line":29,"column":48},"end":{"line":29,"column":49}},"loc":{"start":{"line":29,"column":57},"end":{"line":36,"column":3}}},"2":{"name":"(anonymous_3)","decl":{"start":{"line":55,"column":20},"end":{"line":55,"column":25}},"loc":{"start":{"line":55,"column":31},"end":{"line":57,"column":13}}},"3":{"name":"(anonymous_4)","decl":{"start":{"line":71,"column":20},"end":{"line":71,"column":25}},"loc":{"start":{"line":71,"column":31},"end":{"line":73,"column":13}}},"4":{"name":"(anonymous_5)","decl":{"start":{"line":87,"column":20},"end":{"line":87,"column":25}},"loc":{"start":{"line":87,"column":31},"end":{"line":89,"column":13}}},"5":{"name":"(anonymous_6)","decl":{"start":{"line":103,"column":20},"end":{"line":103,"column":25}},"loc":{"start":{"line":103,"column":31},"end":{"line":105,"column":13}}},"6":{"name":"(anonymous_7)","decl":{"start":{"line":120,"column":20},"end":{"line":120,"column":25}},"loc":{"start":{"line":120,"column":31},"end":{"line":122,"column":13}}}},"branchMap":{"0":{"loc":{"start":{"line":32,"column":12},"end":{"line":32,"column":40}},"type":"cond-expr","locations":[{"start":{"line":32,"column":24},"end":{"line":32,"column":31}},{"start":{"line":32,"column":34},"end":{"line":32,"column":40}}]},"1":{"loc":{"start":{"line":38,"column":27},"end":{"line":38,"column":52}},"type":"binary-expr","locations":[{"start":{"line":38,"column":27},"end":{"line":38,"column":39}},{"start":{"line":38,"column":43},"end":{"line":38,"column":52}}]},"2":{"loc":{"start":{"line":59,"column":11},"end":{"line":59,"column":52}},"type":"binary-expr","locations":[{"start":{"line":59,"column":11},"end":{"line":59,"column":19}},{"start":{"line":59,"column":23},"end":{"line":59,"column":52}}]},"3":{"loc":{"start":{"line":75,"column":11},"end":{"line":75,"column":56}},"type":"binary-expr","locations":[{"start":{"line":75,"column":11},"end":{"line":75,"column":19}},{"start":{"line":75,"column":23},"end":{"line":75,"column":56}}]},"4":{"loc":{"start":{"line":91,"column":11},"end":{"line":91,"column":53}},"type":"binary-expr","locations":[{"start":{"line":91,"column":11},"end":{"line":91,"column":19}},{"start":{"line":91,"column":23},"end":{"line":91,"column":53}}]},"5":{"loc":{"start":{"line":107,"column":11},"end":{"line":107,"column":55}},"type":"binary-expr","locations":[{"start":{"line":107,"column":11},"end":{"line":107,"column":19}},{"start":{"line":107,"column":23},"end":{"line":107,"column":55}}]},"6":{"loc":{"start":{"line":118,"column":21},"end":{"line":118,"column":39}},"type":"binary-expr","locations":[{"start":{"line":118,"column":21},"end":{"line":118,"column":30}},{"start":{"line":118,"column":34},"end":{"line":118,"column":39}}]},"7":{"loc":{"start":{"line":124,"column":11},"end":{"line":124,"column":52}},"type":"binary-expr","locations":[{"start":{"line":124,"column":11},"end":{"line":124,"column":19}},{"start":{"line":124,"column":23},"end":{"line":124,"column":52}}]},"8":{"loc":{"start":{"line":127,"column":9},"end":{"line":130,"column":null}},"type":"cond-expr","locations":[{"start":{"line":128,"column":10},"end":{"line":128,"column":27}},{"start":{"line":130,"column":10},"end":{"line":130,"column":53}}]}},"s":{"0":1,"1":1,"2":1,"3":1,"4":1,"5":1,"6":1,"7":1,"8":1,"9":6,"10":6,"11":6,"12":1,"13":1,"14":1,"15":6,"16":6,"17":6,"18":6,"19":1,"20":1,"21":1,"22":1,"23":0,"24":1},"f":{"0":6,"1":1,"2":1,"3":1,"4":1,"5":1,"6":0},"b":{"0":[1,0],"1":[6,5],"2":[6,6],"3":[6,6],"4":[6,6],"5":[6,6],"6":[6,4],"7":[6,6],"8":[1,5]}}
,"C:\\Users\\Admin\\Desktop\\LEARNING\\testing\\react_task\\src\\components\\organisms\\navbar\\Navbar.tsx": {"path":"C:\\Users\\Admin\\Desktop\\LEARNING\\testing\\react_task\\src\\components\\organisms\\navbar\\Navbar.tsx","statementMap":{"0":{"start":{"line":1,"column":0},"end":{"line":1,"column":51}},"1":{"start":{"line":2,"column":0},"end":{"line":2,"column":77}},"2":{"start":{"line":3,"column":0},"end":{"line":3,"column":106}},"3":{"start":{"line":4,"column":0},"end":{"line":4,"column":60}},"4":{"start":{"line":5,"column":0},"end":{"line":5,"column":51}},"5":{"start":{"line":6,"column":0},"end":{"line":6,"column":null}},"6":{"start":{"line":11,"column":0},"end":{"line":11,"column":77}},"7":{"start":{"line":12,"column":0},"end":{"line":12,"column":58}},"8":{"start":{"line":14,"column":0},"end":{"line":14,"column":47}},"9":{"start":{"line":16,"column":25},"end":{"line":114,"column":1}},"10":{"start":{"line":17,"column":58},"end":{"line":18,"column":null}},"11":{"start":{"line":18,"column":26},"end":{"line":18,"column":42}},"12":{"start":{"line":21,"column":19},"end":{"line":21,"column":35}},"13":{"start":{"line":22,"column":38},"end":{"line":22,"column":53}},"14":{"start":{"line":23,"column":19},"end":{"line":23,"column":32}},"15":{"start":{"line":24,"column":19},"end":{"line":24,"column":32}},"16":{"start":{"line":25,"column":22},"end":{"line":25,"column":52}},"17":{"start":{"line":26,"column":25},"end":{"line":26,"column":58}},"18":{"start":{"line":28,"column":35},"end":{"line":28,"column":39}},"19":{"start":{"line":29,"column":2},"end":{"line":35,"column":3}},"20":{"start":{"line":30,"column":4},"end":{"line":34,"column":5}},"21":{"start":{"line":31,"column":6},"end":{"line":31,"column":35}},"22":{"start":{"line":33,"column":6},"end":{"line":33,"column":47}},"23":{"start":{"line":37,"column":2},"end":{"line":41,"column":20}},"24":{"start":{"line":38,"column":4},"end":{"line":40,"column":5}},"25":{"start":{"line":39,"column":6},"end":{"line":39,"column":25}},"26":{"start":{"line":43,"column":16},"end":{"line":43,"column":32}},"27":{"start":{"line":44,"column":31},"end":{"line":46,"column":3}},"28":{"start":{"line":45,"column":4},"end":{"line":45,"column":24}},"29":{"start":{"line":48,"column":27},"end":{"line":50,"column":3}},"30":{"start":{"line":49,"column":4},"end":{"line":49,"column":25}},"31":{"start":{"line":52,"column":23},"end":{"line":54,"column":3}},"32":{"start":{"line":53,"column":4},"end":{"line":53,"column":23}},"33":{"start":{"line":56,"column":2},"end":{"line":113,"column":4}},"34":{"start":{"line":60,"column":10},"end":{"line":60,"column":24}},"35":{"start":{"line":93,"column":20},"end":{"line":93,"column":42}},"36":{"start":{"line":104,"column":20},"end":{"line":104,"column":39}},"37":{"start":{"line":116,"column":0},"end":{"line":116,"column":22}}},"fnMap":{"0":{"name":"(anonymous_0)","decl":{"start":{"line":16,"column":25},"end":{"line":16,"column":28}},"loc":{"start":{"line":16,"column":30},"end":{"line":114,"column":1}}},"1":{"name":"(anonymous_1)","decl":{"start":{"line":18,"column":4},"end":{"line":18,"column":5}},"loc":{"start":{"line":18,"column":26},"end":{"line":18,"column":42}}},"2":{"name":"(anonymous_2)","decl":{"start":{"line":37,"column":12},"end":{"line":37,"column":15}},"loc":{"start":{"line":37,"column":17},"end":{"line":41,"column":3}}},"3":{"name":"(anonymous_3)","decl":{"start":{"line":44,"column":31},"end":{"line":44,"column":34}},"loc":{"start":{"line":44,"column":36},"end":{"line":46,"column":3}}},"4":{"name":"(anonymous_4)","decl":{"start":{"line":48,"column":27},"end":{"line":48,"column":30}},"loc":{"start":{"line":48,"column":32},"end":{"line":50,"column":3}}},"5":{"name":"(anonymous_5)","decl":{"start":{"line":52,"column":23},"end":{"line":52,"column":26}},"loc":{"start":{"line":52,"column":28},"end":{"line":54,"column":3}}},"6":{"name":"(anonymous_6)","decl":{"start":{"line":59,"column":17},"end":{"line":59,"column":20}},"loc":{"start":{"line":59,"column":22},"end":{"line":61,"column":9}}},"7":{"name":"(anonymous_7)","decl":{"start":{"line":92,"column":27},"end":{"line":92,"column":30}},"loc":{"start":{"line":92,"column":32},"end":{"line":94,"column":19}}},"8":{"name":"(anonymous_8)","decl":{"start":{"line":103,"column":27},"end":{"line":103,"column":30}},"loc":{"start":{"line":103,"column":32},"end":{"line":105,"column":19}}}},"branchMap":{"0":{"loc":{"start":{"line":29,"column":2},"end":{"line":35,"column":3}},"type":"if","locations":[{"start":{"line":29,"column":2},"end":{"line":35,"column":3}}]},"1":{"loc":{"start":{"line":30,"column":4},"end":{"line":34,"column":5}},"type":"if","locations":[{"start":{"line":30,"column":4},"end":{"line":34,"column":5}},{"start":{"line":32,"column":11},"end":{"line":34,"column":5}}]},"2":{"loc":{"start":{"line":38,"column":4},"end":{"line":40,"column":5}},"type":"if","locations":[{"start":{"line":38,"column":4},"end":{"line":40,"column":5}}]},"3":{"loc":{"start":{"line":69,"column":9},"end":{"line":109,"column":null}},"type":"cond-expr","locations":[{"start":{"line":70,"column":10},"end":{"line":83,"column":null}},{"start":{"line":86,"column":10},"end":{"line":108,"column":null}}]},"4":{"loc":{"start":{"line":73,"column":15},"end":{"line":81,"column":null}},"type":"binary-expr","locations":[{"start":{"line":73,"column":15},"end":{"line":73,"column":25}},{"start":{"line":74,"column":16},"end":{"line":80,"column":null}}]},"5":{"loc":{"start":{"line":87,"column":13},"end":{"line":96,"column":null}},"type":"binary-expr","locations":[{"start":{"line":87,"column":13},"end":{"line":87,"column":28}},{"start":{"line":88,"column":14},"end":{"line":95,"column":null}}]},"6":{"loc":{"start":{"line":98,"column":13},"end":{"line":107,"column":null}},"type":"binary-expr","locations":[{"start":{"line":98,"column":13},"end":{"line":98,"column":25}},{"start":{"line":99,"column":14},"end":{"line":106,"column":null}}]}},"s":{"0":1,"1":1,"2":1,"3":1,"4":1,"5":1,"6":1,"7":1,"8":1,"9":1,"10":3,"11":6,"12":3,"13":3,"14":3,"15":3,"16":3,"17":3,"18":3,"19":3,"20":1,"21":1,"22":0,"23":3,"24":3,"25":2,"26":3,"27":3,"28":0,"29":3,"30":0,"31":3,"32":0,"33":3,"34":0,"35":0,"36":0,"37":1},"f":{"0":3,"1":6,"2":3,"3":0,"4":0,"5":0,"6":0,"7":0,"8":0},"b":{"0":[1],"1":[1,0],"2":[2],"3":[1,2],"4":[1,0],"5":[2,2],"6":[2,2]}}
,"C:\\Users\\Admin\\Desktop\\LEARNING\\testing\\react_task\\src\\components\\styles\\button.style.ts": {"path":"C:\\Users\\Admin\\Desktop\\LEARNING\\testing\\react_task\\src\\components\\styles\\button.style.ts","statementMap":{"0":{"start":{"line":1,"column":0},"end":{"line":1,"column":39}},"1":{"start":{"line":2,"column":13},"end":{"line":33,"column":2}},"2":{"start":{"line":35,"column":13},"end":{"line":54,"column":2}}},"fnMap":{},"branchMap":{},"s":{"0":3,"1":3,"2":3},"f":{},"b":{}}
,"C:\\Users\\Admin\\Desktop\\LEARNING\\testing\\react_task\\src\\components\\styles\\select.style.ts": {"path":"C:\\Users\\Admin\\Desktop\\LEARNING\\testing\\react_task\\src\\components\\styles\\select.style.ts","statementMap":{"0":{"start":{"line":1,"column":0},"end":{"line":1,"column":39}},"1":{"start":{"line":3,"column":13},"end":{"line":23,"column":2}}},"fnMap":{},"branchMap":{},"s":{"0":3,"1":3},"f":{},"b":{}}
,"C:\\Users\\Admin\\Desktop\\LEARNING\\testing\\react_task\\src\\components\\styles\\formStyle\\formMolecules.style.ts": {"path":"C:\\Users\\Admin\\Desktop\\LEARNING\\testing\\react_task\\src\\components\\styles\\formStyle\\formMolecules.style.ts","statementMap":{"0":{"start":{"line":1,"column":0},"end":{"line":1,"column":39}},"1":{"start":{"line":3,"column":13},"end":{"line":9,"column":2}},"2":{"start":{"line":11,"column":13},"end":{"line":16,"column":2}},"3":{"start":{"line":18,"column":13},"end":{"line":25,"column":2}},"4":{"start":{"line":27,"column":13},"end":{"line":36,"column":2}},"5":{"start":{"line":29,"column":34},"end":{"line":29,"column":62}},"6":{"start":{"line":38,"column":13},"end":{"line":44,"column":2}}},"fnMap":{"0":{"name":"(anonymous_1)","decl":{"start":{"line":29,"column":22},"end":{"line":29,"column":23}},"loc":{"start":{"line":29,"column":34},"end":{"line":29,"column":62}}}},"branchMap":{"0":{"loc":{"start":{"line":29,"column":34},"end":{"line":29,"column":62}},"type":"cond-expr","locations":[{"start":{"line":29,"column":48},"end":{"line":29,"column":53}},{"start":{"line":29,"column":56},"end":{"line":29,"column":62}}]}},"s":{"0":2,"1":2,"2":2,"3":2,"4":2,"5":33,"6":2},"f":{"0":33},"b":{"0":[0,33]}}
,"C:\\Users\\Admin\\Desktop\\LEARNING\\testing\\react_task\\src\\components\\styles\\navbar\\dashboardNavbar.ts": {"path":"C:\\Users\\Admin\\Desktop\\LEARNING\\testing\\react_task\\src\\components\\styles\\navbar\\dashboardNavbar.ts","statementMap":{"0":{"start":{"line":1,"column":0},"end":{"line":1,"column":39}},"1":{"start":{"line":3,"column":13},"end":{"line":10,"column":2}}},"fnMap":{},"branchMap":{},"s":{"0":1,"1":1},"f":{},"b":{}}
,"C:\\Users\\Admin\\Desktop\\LEARNING\\testing\\react_task\\src\\components\\styles\\navbar\\navbar.style.ts": {"path":"C:\\Users\\Admin\\Desktop\\LEARNING\\testing\\react_task\\src\\components\\styles\\navbar\\navbar.style.ts","statementMap":{"0":{"start":{"line":1,"column":0},"end":{"line":1,"column":39}},"1":{"start":{"line":2,"column":0},"end":{"line":2,"column":40}},"2":{"start":{"line":4,"column":13},"end":{"line":13,"column":2}},"3":{"start":{"line":15,"column":13},"end":{"line":26,"column":2}},"4":{"start":{"line":28,"column":13},"end":{"line":35,"column":2}},"5":{"start":{"line":36,"column":13},"end":{"line":45,"column":2}},"6":{"start":{"line":46,"column":13},"end":{"line":65,"column":2}},"7":{"start":{"line":67,"column":13},"end":{"line":73,"column":2}},"8":{"start":{"line":74,"column":13},"end":{"line":87,"column":2}}},"fnMap":{},"branchMap":{},"s":{"0":1,"1":1,"2":1,"3":1,"4":1,"5":1,"6":1,"7":1,"8":1},"f":{},"b":{}}
,"C:\\Users\\Admin\\Desktop\\LEARNING\\testing\\react_task\\src\\components\\templates\\userDetail.tsx": {"path":"C:\\Users\\Admin\\Desktop\\LEARNING\\testing\\react_task\\src\\components\\templates\\userDetail.tsx","statementMap":{"0":{"start":{"line":1,"column":0},"end":{"line":1,"column":35}},"1":{"start":{"line":2,"column":0},"end":{"line":2,"column":52}},"2":{"start":{"line":3,"column":0},"end":{"line":3,"column":47}},"3":{"start":{"line":4,"column":0},"end":{"line":4,"column":42}},"4":{"start":{"line":6,"column":19},"end":{"line":32,"column":1}},"5":{"start":{"line":7,"column":15},"end":{"line":7,"column":38}},"6":{"start":{"line":8,"column":16},"end":{"line":8,"column":32}},"7":{"start":{"line":9,"column":2},"end":{"line":31,"column":4}},"8":{"start":{"line":33,"column":0},"end":{"line":33,"column":26}}},"fnMap":{"0":{"name":"(anonymous_1)","decl":{"start":{"line":6,"column":19},"end":{"line":6,"column":22}},"loc":{"start":{"line":6,"column":24},"end":{"line":32,"column":1}}}},"branchMap":{"0":{"loc":{"start":{"line":12,"column":7},"end":{"line":28,"column":null}},"type":"cond-expr","locations":[{"start":{"line":13,"column":8},"end":{"line":22,"column":null}},{"start":{"line":25,"column":8},"end":{"line":27,"column":null}}]}},"s":{"0":1,"1":1,"2":1,"3":1,"4":1,"5":5,"6":5,"7":5,"8":1},"f":{"0":5},"b":{"0":[2,3]}}
,"C:\\Users\\Admin\\Desktop\\LEARNING\\testing\\react_task\\src\\context\\userContext.tsx": {"path":"C:\\Users\\Admin\\Desktop\\LEARNING\\testing\\react_task\\src\\context\\userContext.tsx","statementMap":{"0":{"start":{"line":1,"column":0},"end":{"line":1,"column":77}},"1":{"start":{"line":3,"column":0},"end":{"line":3,"column":48}},"2":{"start":{"line":5,"column":20},"end":{"line":5,"column":73}},"3":{"start":{"line":11,"column":71},"end":{"line":39,"column":1}},"4":{"start":{"line":14,"column":26},"end":{"line":20,"column":4}},"5":{"start":{"line":22,"column":25},"end":{"line":22,"column":40}},"6":{"start":{"line":24,"column":2},"end":{"line":36,"column":9}},"7":{"start":{"line":25,"column":26},"end":{"line":34,"column":5}},"8":{"start":{"line":26,"column":6},"end":{"line":33,"column":7}},"9":{"start":{"line":27,"column":54},"end":{"line":27,"column":72}},"10":{"start":{"line":28,"column":8},"end":{"line":30,"column":9}},"11":{"start":{"line":29,"column":10},"end":{"line":29,"column":28}},"12":{"start":{"line":32,"column":8},"end":{"line":32,"column":58}},"13":{"start":{"line":35,"column":4},"end":{"line":35,"column":20}},"14":{"start":{"line":38,"column":2},"end":{"line":38,"column":78}},"15":{"start":{"line":11,"column":13},"end":{"line":11,"column":71}},"16":{"start":{"line":40,"column":0},"end":{"line":40,"column":27}}},"fnMap":{"0":{"name":"(anonymous_1)","decl":{"start":{"line":11,"column":71},"end":{"line":11,"column":72}},"loc":{"start":{"line":13,"column":5},"end":{"line":39,"column":1}}},"1":{"name":"(anonymous_2)","decl":{"start":{"line":24,"column":12},"end":{"line":24,"column":15}},"loc":{"start":{"line":24,"column":17},"end":{"line":36,"column":3}}},"2":{"name":"(anonymous_3)","decl":{"start":{"line":25,"column":26},"end":{"line":25,"column":31}},"loc":{"start":{"line":25,"column":37},"end":{"line":34,"column":5}}}},"branchMap":{"0":{"loc":{"start":{"line":28,"column":8},"end":{"line":30,"column":9}},"type":"if","locations":[{"start":{"line":28,"column":8},"end":{"line":30,"column":9}}]}},"s":{"0":3,"1":3,"2":3,"3":3,"4":3,"5":3,"6":3,"7":2,"8":2,"9":2,"10":1,"11":1,"12":1,"13":2,"14":3,"15":3,"16":3},"f":{"0":3,"1":2,"2":2},"b":{"0":[1]}}
,"C:\\Users\\Admin\\Desktop\\LEARNING\\testing\\react_task\\src\\data\\modal\\types\\hookTypes\\hookType.ts": {"path":"C:\\Users\\Admin\\Desktop\\LEARNING\\testing\\react_task\\src\\data\\modal\\types\\hookTypes\\hookType.ts","statementMap":{"0":{"start":{"line":1,"column":0},"end":{"line":1,"column":55}},"1":{"start":{"line":4,"column":13},"end":{"line":4,"column":67}},"2":{"start":{"line":5,"column":13},"end":{"line":5,"column":65}}},"fnMap":{},"branchMap":{},"s":{"0":1,"1":1,"2":1},"f":{},"b":{}}
,"C:\\Users\\Admin\\Desktop\\LEARNING\\testing\\react_task\\src\\data\\modal\\validation\\formValidation.ts": {"path":"C:\\Users\\Admin\\Desktop\\LEARNING\\testing\\react_task\\src\\data\\modal\\validation\\formValidation.ts","statementMap":{"0":{"start":{"line":1,"column":0},"end":{"line":1,"column":22}},"1":{"start":{"line":2,"column":13},"end":{"line":37,"column":3}},"2":{"start":{"line":39,"column":13},"end":{"line":60,"column":3}}},"fnMap":{},"branchMap":{},"s":{"0":1,"1":1,"2":1},"f":{},"b":{}}
,"C:\\Users\\Admin\\Desktop\\LEARNING\\testing\\react_task\\src\\hooks\\useAuth.ts": {"path":"C:\\Users\\Admin\\Desktop\\LEARNING\\testing\\react_task\\src\\hooks\\useAuth.ts","statementMap":{"0":{"start":{"line":2,"column":0},"end":{"line":2,"column":61}},"1":{"start":{"line":3,"column":0},"end":{"line":3,"column":42}},"2":{"start":{"line":4,"column":0},"end":{"line":4,"column":39}},"3":{"start":{"line":6,"column":0},"end":{"line":6,"column":72}},"4":{"start":{"line":7,"column":0},"end":{"line":7,"column":51}},"5":{"start":{"line":8,"column":0},"end":{"line":8,"column":47}},"6":{"start":{"line":11,"column":19},"end":{"line":11,"column":35}},"7":{"start":{"line":12,"column":19},"end":{"line":12,"column":32}},"8":{"start":{"line":14,"column":19},"end":{"line":31,"column":3}},"9":{"start":{"line":15,"column":4},"end":{"line":30,"column":9}},"10":{"start":{"line":17,"column":8},"end":{"line":26,"column":9}},"11":{"start":{"line":18,"column":30},"end":{"line":18,"column":38}},"12":{"start":{"line":20,"column":10},"end":{"line":20,"column":39}},"13":{"start":{"line":22,"column":10},"end":{"line":22,"column":51}},"14":{"start":{"line":23,"column":10},"end":{"line":23,"column":31}},"15":{"start":{"line":25,"column":10},"end":{"line":25,"column":60}},"16":{"start":{"line":29,"column":8},"end":{"line":29,"column":45}},"17":{"start":{"line":33,"column":2},"end":{"line":33,"column":22}},"18":{"start":{"line":36,"column":0},"end":{"line":36,"column":23}}},"fnMap":{"0":{"name":"useAuth","decl":{"start":{"line":10,"column":9},"end":{"line":10,"column":16}},"loc":{"start":{"line":10,"column":16},"end":{"line":34,"column":1}}},"1":{"name":"(anonymous_1)","decl":{"start":{"line":14,"column":19},"end":{"line":14,"column":20}},"loc":{"start":{"line":14,"column":52},"end":{"line":31,"column":3}}},"2":{"name":"(anonymous_2)","decl":{"start":{"line":16,"column":12},"end":{"line":16,"column":13}},"loc":{"start":{"line":16,"column":43},"end":{"line":27,"column":7}}},"3":{"name":"(anonymous_3)","decl":{"start":{"line":28,"column":13},"end":{"line":28,"column":14}},"loc":{"start":{"line":28,"column":28},"end":{"line":30,"column":7}}}},"branchMap":{"0":{"loc":{"start":{"line":17,"column":8},"end":{"line":26,"column":9}},"type":"if","locations":[{"start":{"line":17,"column":8},"end":{"line":26,"column":9}},{"start":{"line":24,"column":15},"end":{"line":26,"column":9}}]}},"s":{"0":1,"1":1,"2":1,"3":1,"4":1,"5":1,"6":4,"7":4,"8":4,"9":4,"10":1,"11":1,"12":1,"13":1,"14":1,"15":0,"16":3,"17":4,"18":1},"f":{"0":4,"1":4,"2":1,"3":3},"b":{"0":[1,0]}}
,"C:\\Users\\Admin\\Desktop\\LEARNING\\testing\\react_task\\src\\hooks\\useDetails.ts": {"path":"C:\\Users\\Admin\\Desktop\\LEARNING\\testing\\react_task\\src\\hooks\\useDetails.ts","statementMap":{"0":{"start":{"line":2,"column":0},"end":{"line":2,"column":61}},"1":{"start":{"line":3,"column":0},"end":{"line":3,"column":42}},"2":{"start":{"line":4,"column":0},"end":{"line":4,"column":39}},"3":{"start":{"line":8,"column":21},"end":{"line":21,"column":3}},"4":{"start":{"line":9,"column":4},"end":{"line":20,"column":5}},"5":{"start":{"line":10,"column":55},"end":{"line":11,"column":null}},"6":{"start":{"line":13,"column":6},"end":{"line":17,"column":7}},"7":{"start":{"line":14,"column":8},"end":{"line":14,"column":29}},"8":{"start":{"line":16,"column":8},"end":{"line":16,"column":63}},"9":{"start":{"line":19,"column":6},"end":{"line":19,"column":43}},"10":{"start":{"line":23,"column":2},"end":{"line":23,"column":24}},"11":{"start":{"line":26,"column":0},"end":{"line":26,"column":29}}},"fnMap":{"0":{"name":"useGetDetails","decl":{"start":{"line":7,"column":9},"end":{"line":7,"column":22}},"loc":{"start":{"line":7,"column":22},"end":{"line":24,"column":1}}},"1":{"name":"(anonymous_1)","decl":{"start":{"line":8,"column":21},"end":{"line":8,"column":26}},"loc":{"start":{"line":8,"column":70},"end":{"line":21,"column":3}}}},"branchMap":{"0":{"loc":{"start":{"line":13,"column":6},"end":{"line":17,"column":7}},"type":"if","locations":[{"start":{"line":13,"column":6},"end":{"line":17,"column":7}},{"start":{"line":15,"column":13},"end":{"line":17,"column":7}}]}},"s":{"0":4,"1":4,"2":4,"3":2,"4":2,"5":2,"6":1,"7":1,"8":0,"9":1,"10":2,"11":4},"f":{"0":2,"1":2},"b":{"0":[1,0]}}
,"C:\\Users\\Admin\\Desktop\\LEARNING\\testing\\react_task\\src\\hooks\\useRegister.ts": {"path":"C:\\Users\\Admin\\Desktop\\LEARNING\\testing\\react_task\\src\\hooks\\useRegister.ts","statementMap":{"0":{"start":{"line":3,"column":0},"end":{"line":3,"column":61}},"1":{"start":{"line":4,"column":0},"end":{"line":4,"column":42}},"2":{"start":{"line":5,"column":0},"end":{"line":5,"column":39}},"3":{"start":{"line":6,"column":0},"end":{"line":6,"column":47}},"4":{"start":{"line":13,"column":19},"end":{"line":13,"column":32}},"5":{"start":{"line":14,"column":23},"end":{"line":27,"column":3}},"6":{"start":{"line":15,"column":4},"end":{"line":26,"column":9}},"7":{"start":{"line":17,"column":8},"end":{"line":22,"column":9}},"8":{"start":{"line":18,"column":10},"end":{"line":18,"column":52}},"9":{"start":{"line":19,"column":10},"end":{"line":19,"column":29}},"10":{"start":{"line":21,"column":10},"end":{"line":21,"column":63}},"11":{"start":{"line":25,"column":8},"end":{"line":25,"column":45}},"12":{"start":{"line":29,"column":2},"end":{"line":29,"column":26}},"13":{"start":{"line":32,"column":0},"end":{"line":32,"column":27}}},"fnMap":{"0":{"name":"useRegister","decl":{"start":{"line":12,"column":9},"end":{"line":12,"column":20}},"loc":{"start":{"line":12,"column":20},"end":{"line":30,"column":1}}},"1":{"name":"(anonymous_1)","decl":{"start":{"line":14,"column":23},"end":{"line":14,"column":24}},"loc":{"start":{"line":14,"column":53},"end":{"line":27,"column":3}}},"2":{"name":"(anonymous_2)","decl":{"start":{"line":16,"column":12},"end":{"line":16,"column":13}},"loc":{"start":{"line":16,"column":51},"end":{"line":23,"column":7}}},"3":{"name":"(anonymous_3)","decl":{"start":{"line":24,"column":13},"end":{"line":24,"column":14}},"loc":{"start":{"line":24,"column":28},"end":{"line":26,"column":7}}}},"branchMap":{"0":{"loc":{"start":{"line":17,"column":8},"end":{"line":22,"column":9}},"type":"if","locations":[{"start":{"line":17,"column":8},"end":{"line":22,"column":9}},{"start":{"line":20,"column":15},"end":{"line":22,"column":9}}]}},"s":{"0":1,"1":1,"2":1,"3":1,"4":4,"5":4,"6":4,"7":1,"8":1,"9":1,"10":0,"11":3,"12":4,"13":1},"f":{"0":4,"1":4,"2":1,"3":3},"b":{"0":[1,0]}}
,"C:\\Users\\Admin\\Desktop\\LEARNING\\testing\\react_task\\src\\redux\\slices\\auth.slice.ts": {"path":"C:\\Users\\Admin\\Desktop\\LEARNING\\testing\\react_task\\src\\redux\\slices\\auth.slice.ts","statementMap":{"0":{"start":{"line":1,"column":0},"end":{"line":1,"column":47}},"1":{"start":{"line":5,"column":36},"end":{"line":7,"column":2}},"2":{"start":{"line":9,"column":13},"end":{"line":26,"column":3}},"3":{"start":{"line":14,"column":6},"end":{"line":17,"column":8}},"4":{"start":{"line":20,"column":6},"end":{"line":23,"column":8}},"5":{"start":{"line":28,"column":13},"end":{"line":28,"column":33}},"6":{"start":{"line":30,"column":0},"end":{"line":30,"column":33}}},"fnMap":{"0":{"name":"(anonymous_0)","decl":{"start":{"line":13,"column":11},"end":{"line":13,"column":12}},"loc":{"start":{"line":13,"column":52},"end":{"line":18,"column":5}}},"1":{"name":"(anonymous_1)","decl":{"start":{"line":19,"column":12},"end":{"line":19,"column":13}},"loc":{"start":{"line":19,"column":22},"end":{"line":24,"column":5}}}},"branchMap":{},"s":{"0":7,"1":7,"2":7,"3":0,"4":0,"5":7,"6":7},"f":{"0":0,"1":0},"b":{}}
,"C:\\Users\\Admin\\Desktop\\LEARNING\\testing\\react_task\\src\\redux\\slices\\language.slice.ts": {"path":"C:\\Users\\Admin\\Desktop\\LEARNING\\testing\\react_task\\src\\redux\\slices\\language.slice.ts","statementMap":{"0":{"start":{"line":1,"column":0},"end":{"line":1,"column":47}},"1":{"start":{"line":4,"column":0},"end":{"line":4,"column":67}},"2":{"start":{"line":6,"column":40},"end":{"line":8,"column":2}},"3":{"start":{"line":10,"column":13},"end":{"line":21,"column":3}},"4":{"start":{"line":15,"column":6},"end":{"line":18,"column":8}},"5":{"start":{"line":23,"column":15},"end":{"line":23,"column":56}},"6":{"start":{"line":25,"column":0},"end":{"line":25,"column":37}}},"fnMap":{"0":{"name":"(anonymous_0)","decl":{"start":{"line":14,"column":20},"end":{"line":14,"column":21}},"loc":{"start":{"line":14,"column":61},"end":{"line":19,"column":5}}}},"branchMap":{},"s":{"0":8,"1":8,"2":8,"3":8,"4":0,"5":8,"6":8},"f":{"0":0},"b":{}}
,"C:\\Users\\Admin\\Desktop\\LEARNING\\testing\\react_task\\src\\redux\\store\\store.ts": {"path":"C:\\Users\\Admin\\Desktop\\LEARNING\\testing\\react_task\\src\\redux\\store\\store.ts","statementMap":{"0":{"start":{"line":1,"column":0},"end":{"line":1,"column":76}},"1":{"start":{"line":2,"column":0},"end":{"line":2,"column":61}},"2":{"start":{"line":3,"column":0},"end":{"line":3,"column":34}},"3":{"start":{"line":4,"column":0},"end":{"line":4,"column":57}},"4":{"start":{"line":5,"column":0},"end":{"line":5,"column":48}},"5":{"start":{"line":6,"column":0},"end":{"line":6,"column":64}},"6":{"start":{"line":11,"column":0},"end":{"line":11,"column":49}},"7":{"start":{"line":16,"column":5},"end":{"line":19,"column":2}},"8":{"start":{"line":21,"column":25},"end":{"line":25,"column":2}},"9":{"start":{"line":27,"column":25},"end":{"line":27,"column":70}},"10":{"start":{"line":29,"column":19},"end":{"line":33,"column":1}},"11":{"start":{"line":30,"column":2},"end":{"line":32,"column":20}},"12":{"start":{"line":35,"column":14},"end":{"line":38,"column":2}},"13":{"start":{"line":40,"column":0},"end":{"line":40,"column":21}},"14":{"start":{"line":41,"column":13},"end":{"line":41,"column":50}}},"fnMap":{"0":{"name":"(anonymous_1)","decl":{"start":{"line":29,"column":19},"end":{"line":29,"column":20}},"loc":{"start":{"line":29,"column":49},"end":{"line":33,"column":1}}}},"branchMap":{},"s":{"0":6,"1":6,"2":6,"3":6,"4":6,"5":6,"6":6,"7":6,"8":6,"9":6,"10":6,"11":6,"12":6,"13":6,"14":6},"f":{"0":6},"b":{}}
,"C:\\Users\\Admin\\Desktop\\LEARNING\\testing\\react_task\\src\\services\\service.ts": {"path":"C:\\Users\\Admin\\Desktop\\LEARNING\\testing\\react_task\\src\\services\\service.ts","statementMap":{"0":{"start":{"line":1,"column":0},"end":{"line":1,"column":26}},"1":{"start":{"line":2,"column":0},"end":{"line":2,"column":41}},"2":{"start":{"line":4,"column":13},"end":{"line":6,"column":3}},"3":{"start":{"line":8,"column":0},"end":{"line":18,"column":2}},"4":{"start":{"line":10,"column":21},"end":{"line":10,"column":37}},"5":{"start":{"line":11,"column":18},"end":{"line":11,"column":37}},"6":{"start":{"line":12,"column":4},"end":{"line":14,"column":5}},"7":{"start":{"line":13,"column":6},"end":{"line":13,"column":55}},"8":{"start":{"line":15,"column":4},"end":{"line":15,"column":18}},"9":{"start":{"line":17,"column":13},"end":{"line":17,"column":34}}},"fnMap":{"0":{"name":"(anonymous_1)","decl":{"start":{"line":9,"column":2},"end":{"line":9,"column":3}},"loc":{"start":{"line":9,"column":13},"end":{"line":16,"column":3}}},"1":{"name":"(anonymous_2)","decl":{"start":{"line":17,"column":2},"end":{"line":17,"column":3}},"loc":{"start":{"line":17,"column":13},"end":{"line":17,"column":34}}}},"branchMap":{"0":{"loc":{"start":{"line":12,"column":4},"end":{"line":14,"column":5}},"type":"if","locations":[{"start":{"line":12,"column":4},"end":{"line":14,"column":5}}]}},"s":{"0":6,"1":6,"2":6,"3":6,"4":10,"5":10,"6":10,"7":0,"8":10,"9":0},"f":{"0":10,"1":0},"b":{"0":[0]}}
,"C:\\Users\\Admin\\Desktop\\LEARNING\\testing\\react_task\\src\\utils\\Constants\\URLConstant.ts": {"path":"C:\\Users\\Admin\\Desktop\\LEARNING\\testing\\react_task\\src\\utils\\Constants\\URLConstant.ts","statementMap":{"0":{"start":{"line":1,"column":13},"end":{"line":5,"column":2}}},"fnMap":{},"branchMap":{},"s":{"0":6},"f":{},"b":{}}
,"C:\\Users\\Admin\\Desktop\\LEARNING\\testing\\react_task\\src\\utils\\Constants\\languageConstant.ts": {"path":"C:\\Users\\Admin\\Desktop\\LEARNING\\testing\\react_task\\src\\utils\\Constants\\languageConstant.ts","statementMap":{"0":{"start":{"line":3,"column":13},"end":{"line":12,"column":2}}},"fnMap":{},"branchMap":{},"s":{"0":8},"f":{},"b":{}}
}
