TN:
SF:src\components\atoms\button\Button.tsx
FN:10,(anonymous_0)
FNF:1
FNH:1
FNDA:13,(anonymous_0)
DA:1,3
DA:10,3
DA:16,13
LF:3
LH:3
BRF:0
BRH:0
end_of_record
TN:
SF:src\components\atoms\inputElement\Input.tsx
FN:12,(anonymous_0)
FNF:1
FNH:1
FNDA:33,(anonymous_0)
DA:2,2
DA:3,2
DA:12,2
DA:25,33
LF:4
LH:4
BRDA:34,0,0,6
BRDA:34,0,1,27
BRDA:40,1,0,33
BRDA:40,1,1,1
BRF:4
BRH:4
end_of_record
TN:
SF:src\components\atoms\link\Link.tsx
FN:4,(anonymous_0)
FNF:1
FNH:1
FNDA:1,(anonymous_0)
DA:2,1
DA:4,1
DA:5,1
DA:7,1
LF:4
LH:4
BRF:0
BRH:0
end_of_record
TN:
SF:src\components\atoms\selectMenu\SelectMenu.tsx
FN:9,(anonymous_0)
FN:12,(anonymous_1)
FNF:2
FNH:2
FNDA:8,(anonymous_0)
FNDA:19,(anonymous_1)
DA:1,3
DA:9,3
DA:10,8
DA:13,19
DA:21,3
LF:5
LH:5
BRF:0
BRH:0
end_of_record
TN:
SF:src\components\molecules\changeLanguageMolecules\ChangeLanguageMolecules.tsx
FN:10,(anonymous_1)
FN:14,(anonymous_2)
FN:17,(anonymous_3)
FNF:3
FNH:3
FNDA:5,(anonymous_1)
FNDA:8,(anonymous_2)
FNDA:1,(anonymous_3)
DA:1,2
DA:2,2
DA:3,2
DA:7,2
DA:8,2
DA:10,2
DA:11,5
DA:12,5
DA:13,5
DA:14,8
DA:17,5
DA:18,1
DA:19,1
DA:21,5
LF:14
LH:14
BRF:0
BRH:0
end_of_record
TN:
SF:src\components\molecules\dashboardButtons\DashboardNavbar.tsx
FN:7,(anonymous_1)
FNF:1
FNH:1
FNDA:4,(anonymous_1)
DA:1,1
DA:2,1
DA:3,1
DA:4,1
DA:5,1
DA:7,1
DA:8,4
DA:9,4
DA:10,4
DA:22,1
LF:10
LH:10
BRDA:14,0,0,4
BRDA:14,0,1,1
BRF:2
BRH:2
end_of_record
TN:
SF:src\components\molecules\from\Form.tsx
FN:15,(anonymous_1)
FN:29,(anonymous_2)
FN:55,(anonymous_3)
FN:71,(anonymous_4)
FN:87,(anonymous_5)
FN:103,(anonymous_6)
FN:120,(anonymous_7)
FNF:7
FNH:6
FNDA:6,(anonymous_1)
FNDA:1,(anonymous_2)
FNDA:1,(anonymous_3)
FNDA:1,(anonymous_4)
FNDA:1,(anonymous_5)
FNDA:1,(anonymous_6)
FNDA:0,(anonymous_7)
DA:1,1
DA:2,1
DA:3,1
DA:4,1
DA:6,1
DA:8,1
DA:12,1
DA:13,1
DA:15,1
DA:23,6
DA:27,6
DA:29,6
DA:30,1
DA:34,1
DA:35,1
DA:38,6
DA:39,6
DA:40,6
DA:43,6
DA:56,1
DA:72,1
DA:88,1
DA:104,1
DA:121,0
DA:137,1
LF:25
LH:24
BRDA:32,0,0,1
BRDA:32,0,1,0
BRDA:38,1,0,6
BRDA:38,1,1,5
BRDA:59,2,0,6
BRDA:59,2,1,6
BRDA:75,3,0,6
BRDA:75,3,1,6
BRDA:91,4,0,6
BRDA:91,4,1,6
BRDA:107,5,0,6
BRDA:107,5,1,6
BRDA:118,6,0,6
BRDA:118,6,1,4
BRDA:124,7,0,6
BRDA:124,7,1,6
BRDA:127,8,0,1
BRDA:127,8,1,5
BRF:18
BRH:17
end_of_record
TN:
SF:src\components\organisms\navbar\Navbar.tsx
FN:16,(anonymous_0)
FN:18,(anonymous_1)
FN:37,(anonymous_2)
FN:44,(anonymous_3)
FN:48,(anonymous_4)
FN:52,(anonymous_5)
FN:59,(anonymous_6)
FN:92,(anonymous_7)
FN:103,(anonymous_8)
FNF:9
FNH:3
FNDA:3,(anonymous_0)
FNDA:6,(anonymous_1)
FNDA:3,(anonymous_2)
FNDA:0,(anonymous_3)
FNDA:0,(anonymous_4)
FNDA:0,(anonymous_5)
FNDA:0,(anonymous_6)
FNDA:0,(anonymous_7)
FNDA:0,(anonymous_8)
DA:1,1
DA:2,1
DA:3,1
DA:4,1
DA:5,1
DA:6,1
DA:11,1
DA:12,1
DA:14,1
DA:16,1
DA:17,3
DA:18,6
DA:21,3
DA:22,3
DA:23,3
DA:24,3
DA:25,3
DA:26,3
DA:28,3
DA:29,3
DA:30,1
DA:31,1
DA:33,0
DA:37,3
DA:38,3
DA:39,2
DA:43,3
DA:44,3
DA:45,0
DA:48,3
DA:49,0
DA:52,3
DA:53,0
DA:56,3
DA:60,0
DA:93,0
DA:104,0
DA:116,1
LF:38
LH:31
BRDA:29,0,0,1
BRDA:30,1,0,1
BRDA:30,1,1,0
BRDA:38,2,0,2
BRDA:69,3,0,1
BRDA:69,3,1,2
BRDA:73,4,0,1
BRDA:73,4,1,0
BRDA:87,5,0,2
BRDA:87,5,1,2
BRDA:98,6,0,2
BRDA:98,6,1,2
BRF:12
BRH:10
end_of_record
TN:
SF:src\components\styles\button.style.ts
FNF:0
FNH:0
DA:1,3
DA:2,3
DA:35,3
LF:3
LH:3
BRF:0
BRH:0
end_of_record
TN:
SF:src\components\styles\select.style.ts
FNF:0
FNH:0
DA:1,3
DA:3,3
LF:2
LH:2
BRF:0
BRH:0
end_of_record
TN:
SF:src\components\styles\formStyle\formMolecules.style.ts
FN:29,(anonymous_1)
FNF:1
FNH:1
FNDA:33,(anonymous_1)
DA:1,2
DA:3,2
DA:11,2
DA:18,2
DA:27,2
DA:29,33
DA:38,2
LF:7
LH:7
BRDA:29,0,0,0
BRDA:29,0,1,33
BRF:2
BRH:1
end_of_record
TN:
SF:src\components\styles\navbar\dashboardNavbar.ts
FNF:0
FNH:0
DA:1,1
DA:3,1
LF:2
LH:2
BRF:0
BRH:0
end_of_record
TN:
SF:src\components\styles\navbar\navbar.style.ts
FNF:0
FNH:0
DA:1,1
DA:2,1
DA:4,1
DA:15,1
DA:28,1
DA:36,1
DA:46,1
DA:67,1
DA:74,1
LF:9
LH:9
BRF:0
BRH:0
end_of_record
TN:
SF:src\components\templates\userDetail.tsx
FN:6,(anonymous_1)
FNF:1
FNH:1
FNDA:5,(anonymous_1)
DA:1,1
DA:2,1
DA:3,1
DA:4,1
DA:6,1
DA:7,5
DA:8,5
DA:9,5
DA:33,1
LF:9
LH:9
BRDA:12,0,0,2
BRDA:12,0,1,3
BRF:2
BRH:2
end_of_record
TN:
SF:src\context\userContext.tsx
FN:11,(anonymous_1)
FN:24,(anonymous_2)
FN:25,(anonymous_3)
FNF:3
FNH:3
FNDA:3,(anonymous_1)
FNDA:2,(anonymous_2)
FNDA:2,(anonymous_3)
DA:1,3
DA:3,3
DA:5,3
DA:11,3
DA:14,3
DA:22,3
DA:24,3
DA:25,2
DA:26,2
DA:27,2
DA:28,1
DA:29,1
DA:32,1
DA:35,2
DA:38,3
DA:40,3
LF:16
LH:16
BRDA:28,0,0,1
BRF:1
BRH:1
end_of_record
TN:
SF:src\data\modal\types\hookTypes\hookType.ts
FNF:0
FNH:0
DA:1,1
DA:4,1
DA:5,1
LF:3
LH:3
BRF:0
BRH:0
end_of_record
TN:
SF:src\data\modal\validation\formValidation.ts
FNF:0
FNH:0
DA:1,1
DA:2,1
DA:39,1
LF:3
LH:3
BRF:0
BRH:0
end_of_record
TN:
SF:src\hooks\useAuth.ts
FN:10,useAuth
FN:14,(anonymous_1)
FN:16,(anonymous_2)
FN:28,(anonymous_3)
FNF:4
FNH:4
FNDA:4,useAuth
FNDA:4,(anonymous_1)
FNDA:1,(anonymous_2)
FNDA:3,(anonymous_3)
DA:2,1
DA:3,1
DA:4,1
DA:6,1
DA:7,1
DA:8,1
DA:11,4
DA:12,4
DA:14,4
DA:15,4
DA:17,1
DA:18,1
DA:20,1
DA:22,1
DA:23,1
DA:25,0
DA:29,3
DA:33,4
DA:36,1
LF:19
LH:18
BRDA:17,0,0,1
BRDA:17,0,1,0
BRF:2
BRH:1
end_of_record
TN:
SF:src\hooks\useDetails.ts
FN:7,useGetDetails
FN:8,(anonymous_1)
FNF:2
FNH:2
FNDA:2,useGetDetails
FNDA:2,(anonymous_1)
DA:2,4
DA:3,4
DA:4,4
DA:8,2
DA:9,2
DA:10,2
DA:13,1
DA:14,1
DA:16,0
DA:19,1
DA:23,2
DA:26,4
LF:12
LH:11
BRDA:13,0,0,1
BRDA:13,0,1,0
BRF:2
BRH:1
end_of_record
TN:
SF:src\hooks\useRegister.ts
FN:12,useRegister
FN:14,(anonymous_1)
FN:16,(anonymous_2)
FN:24,(anonymous_3)
FNF:4
FNH:4
FNDA:4,useRegister
FNDA:4,(anonymous_1)
FNDA:1,(anonymous_2)
FNDA:3,(anonymous_3)
DA:3,1
DA:4,1
DA:5,1
DA:6,1
DA:13,4
DA:14,4
DA:15,4
DA:17,1
DA:18,1
DA:19,1
DA:21,0
DA:25,3
DA:29,4
DA:32,1
LF:14
LH:13
BRDA:17,0,0,1
BRDA:17,0,1,0
BRF:2
BRH:1
end_of_record
TN:
SF:src\redux\slices\auth.slice.ts
FN:13,(anonymous_0)
FN:19,(anonymous_1)
FNF:2
FNH:0
FNDA:0,(anonymous_0)
FNDA:0,(anonymous_1)
DA:1,7
DA:5,7
DA:9,7
DA:14,0
DA:20,0
DA:28,7
DA:30,7
LF:7
LH:5
BRF:0
BRH:0
end_of_record
TN:
SF:src\redux\slices\language.slice.ts
FN:14,(anonymous_0)
FNF:1
FNH:0
FNDA:0,(anonymous_0)
DA:1,8
DA:4,8
DA:6,8
DA:10,8
DA:15,0
DA:23,8
DA:25,8
LF:7
LH:6
BRF:0
BRH:0
end_of_record
TN:
SF:src\redux\store\store.ts
FN:29,(anonymous_1)
FNF:1
FNH:1
FNDA:6,(anonymous_1)
DA:1,6
DA:2,6
DA:3,6
DA:4,6
DA:5,6
DA:6,6
DA:11,6
DA:16,6
DA:21,6
DA:27,6
DA:29,6
DA:30,6
DA:35,6
DA:40,6
DA:41,6
LF:15
LH:15
BRF:0
BRH:0
end_of_record
TN:
SF:src\services\service.ts
FN:9,(anonymous_1)
FN:17,(anonymous_2)
FNF:2
FNH:1
FNDA:10,(anonymous_1)
FNDA:0,(anonymous_2)
DA:1,6
DA:2,6
DA:4,6
DA:8,6
DA:10,10
DA:11,10
DA:12,10
DA:13,0
DA:15,10
DA:17,0
LF:10
LH:8
BRDA:12,0,0,0
BRF:1
BRH:0
end_of_record
TN:
SF:src\utils\Constants\URLConstant.ts
FNF:0
FNH:0
DA:1,6
LF:1
LH:1
BRF:0
BRH:0
end_of_record
TN:
SF:src\utils\Constants\languageConstant.ts
FNF:0
FNH:0
DA:3,8
LF:1
LH:1
BRF:0
BRH:0
end_of_record
